****************************************
Report : timing
	-path_type full
	-delay_type max
	-max_paths 1
	-sort_by slack
Design : top
Version: S-2021.06
Date   : Tue Apr 26 20:38:08 2022
****************************************


  Startpoint: task1/y0_reg[0]
               (rising edge-triggered flip-flop clocked by clk)
  Endpoint: out1_node1_reg[20]
               (rising edge-triggered flip-flop clocked by clk)
  Last common pin: clk
  Path Group: clk
  Path Type: max

  Point                                                   Incr       Path
  ------------------------------------------------------------------------------
  clock clk (rise edge)                                   0.00       0.00
  clock network delay (propagated)                        0.06       0.06
  task1/y0_reg[0]/CP (DFKCNQD1BWP)                        0.00       0.06 r
  task1/y0_reg[0]/Q (DFKCNQD1BWP)                         0.10 +     0.16 f
  U16887/ZN (CKND0BWP)                                    0.04 +     0.20 r
  U16875/ZN (NR2D0BWP)                                    0.02 +     0.22 f
  r486/U1_1/CO (FA1D0BWP)                                 0.04 +     0.26 f
  r486/U1_2/S (FA1D0BWP)                                  0.07 +     0.33 r
  add_0_root_add_154_2/U1_2/S (FA1D0BWP)                  0.10 +     0.43 r
  U608/Z (BUFFD1BWP)                                      0.06 +     0.49 r
  U609/ZN (CKND0BWP)                                      0.06 +     0.54 f
  U13634/ZN (NR2D0BWP)                                    0.05 +     0.59 r
  mult_173/S1_2_0/CO (FA1D0BWP)                           0.08 +     0.67 r
  mult_173/S1_3_0/CO (FA1D0BWP)                           0.07 +     0.74 r
  mult_173/S1_4_0/CO (FA1D0BWP)                           0.07 +     0.81 r
  mult_173/S1_5_0/CO (FA1D0BWP)                           0.07 +     0.88 r
  mult_173/S1_6_0/CO (FA1D0BWP)                           0.07 +     0.95 r
  mult_173/S1_7_0/CO (FA1D0BWP)                           0.07 +     1.01 r
  mult_173/S1_8_0/CO (FA1D0BWP)                           0.07 +     1.08 r
  mult_173/S1_9_0/CO (FA1D0BWP)                           0.07 +     1.15 r
  mult_173/S1_10_0/CO (FA1D0BWP)                          0.07 +     1.22 r
  mult_173/S1_11_0/CO (FA1D0BWP)                          0.07 +     1.30 r
  mult_173/S1_12_0/CO (FA1D0BWP)                          0.07 +     1.37 r
  mult_173/S1_13_0/CO (FA1D0BWP)                          0.07 +     1.44 r
  mult_173/S1_14_0/CO (FA1D0BWP)                          0.07 +     1.51 r
  mult_173/S1_15_0/CO (FA1D0BWP)                          0.07 +     1.58 r
  mult_173/S1_16_0/CO (FA1D0BWP)                          0.07 +     1.65 r
  mult_173/S1_17_0/CO (FA1D0BWP)                          0.07 +     1.72 r
  mult_173/S1_18_0/CO (FA1D0BWP)                          0.07 +     1.78 r
  mult_173/S1_19_0/CO (FA1D0BWP)                          0.07 +     1.85 r
  mult_173/S4_0/Z (XOR3D0BWP)                             0.09 +     1.94 f
  U16782/Z (XOR3D1BWP)                                    0.09 +     2.03 r
  add_2_root_add_0_root_add_173_3/U1_20/Z (XOR3D1BWP)     0.09 +     2.12 f
  add_0_root_add_0_root_add_173_3/U1_20/Z (XOR3D0BWP)     0.10 +     2.22 r
  out1_node1_reg[20]/D (DFKCNQD1BWP)                      0.00 +     2.22 r
  data arrival time                                                  2.22

  clock clk (rise edge)                                   2.35       2.35
  clock network delay (propagated)                        0.05       2.40
  clock reconvergence pessimism                           0.00       2.40
  clock uncertainty                                      -0.15       2.25
  out1_node1_reg[20]/CP (DFKCNQD1BWP)                                2.25 r
  library setup time                                     -0.02       2.23
  data required time                                                 2.23
  ------------------------------------------------------------------------------
  data required time                                                 2.23
  data arrival time                                                 -2.22
  ------------------------------------------------------------------------------
  slack (MET)                                                        0.00


1
